1627282084927	geckodriver	INFO	Listening on 127.0.0.1:62928
1627282085932	mozrunner::runner	INFO	Running command: "/Applications/Firefox.app/Contents/MacOS/firefox-bin" "--marionette" "-foreground" "-no-remote" "-profile" "/var/folders/mw/9pmsvzpd4vz0988l1n1c6q4w0000gn/T/rust_mozprofileCLu8WU"
1627282086727	Marionette	INFO	Marionette enabled
console.warn: SearchSettings: "get: No settings file exists, new profile?" (new NotFoundError("Could not open the file at /var/folders/mw/9pmsvzpd4vz0988l1n1c6q4w0000gn/T/rust_mozprofileCLu8WU/search.json.mozlz4", (void 0)))
console.error: BackgroundUpdate: 
  _reasonsToNotScheduleUpdates: Failed to check for Maintenance Service Registry Key: [Exception... "Component returned failure code: 0x80004001 (NS_ERROR_NOT_IMPLEMENTED) [nsIUpdateProcessor.getServiceRegKeyExists]"  nsresult: "0x80004001 (NS_ERROR_NOT_IMPLEMENTED)"  location: "JS frame :: resource://gre/modules/BackgroundUpdate.jsm :: _reasonsToNotScheduleUpdates :: line 243"  data: no]
1627282089120	Marionette	INFO	Listening on port 62943
1627282089235	Marionette	WARN	TLS certificate errors will be ignored for this session
1627282092970	Marionette	WARN	Ignoring event 'pageshow' because document has an invalid readyState of 'uninitialized'.
[Child 8612, MediaDecoderStateMachine #1] WARNING: 12f30da00 Could not set cubeb stream name.: file /builds/worker/checkouts/gecko/dom/media/AudioStream.cpp:367
1627282102197	Marionette	WARN	TimedPromise timed out after 5000 ms: stacktrace:
TimedPromise/<@chrome://marionette/content/sync.js:237:19
TimedPromise@chrome://marionette/content/sync.js:222:10
GeckoDriver.prototype.minimizeWindow@chrome://marionette/content/driver.js:2406:11
1627282102212	geckodriver	INFO	Listening on 127.0.0.1:63093
1627282103224	mozrunner::runner	INFO	Running command: "/Applications/Firefox.app/Contents/MacOS/firefox-bin" "--marionette" "-foreground" "-no-remote" "-profile" "/var/folders/mw/9pmsvzpd4vz0988l1n1c6q4w0000gn/T/rust_mozprofileFMhzOe"
1627282103650	Marionette	INFO	Marionette enabled
console.warn: SearchSettings: "get: No settings file exists, new profile?" (new NotFoundError("Could not open the file at /var/folders/mw/9pmsvzpd4vz0988l1n1c6q4w0000gn/T/rust_mozprofileFMhzOe/search.json.mozlz4", (void 0)))
console.error: BackgroundUpdate: 
  _reasonsToNotScheduleUpdates: Failed to check for Maintenance Service Registry Key: [Exception... "Component returned failure code: 0x80004001 (NS_ERROR_NOT_IMPLEMENTED) [nsIUpdateProcessor.getServiceRegKeyExists]"  nsresult: "0x80004001 (NS_ERROR_NOT_IMPLEMENTED)"  location: "JS frame :: resource://gre/modules/BackgroundUpdate.jsm :: _reasonsToNotScheduleUpdates :: line 243"  data: no]
1627282105927	Marionette	INFO	Listening on port 63111
1627282106041	Marionette	WARN	TLS certificate errors will be ignored for this session
1627282108688	Marionette	WARN	Ignoring event 'pageshow' because document has an invalid readyState of 'uninitialized'.
1627282110452	Marionette	INFO	Stopped listening on port 63111

###!!! [Parent][RunMessage] Error: Channel closing: too late to send/recv, messages will be lost

1627282111335	Marionette	INFO	Stopped listening on port 62943

###!!! [Parent][RunMessage] Error: Channel closing: too late to send/recv, messages will be lost

1627282126363	geckodriver	INFO	Listening on 127.0.0.1:63261
1627282126375	mozrunner::runner	INFO	Running command: "/Applications/Firefox.app/Contents/MacOS/firefox-bin" "--marionette" "-foreground" "-no-remote" "-profile" "/var/folders/mw/9pmsvzpd4vz0988l1n1c6q4w0000gn/T/rust_mozprofilerJA9Kv"
1627282126882	Marionette	INFO	Marionette enabled
console.warn: SearchSettings: "get: No settings file exists, new profile?" (new NotFoundError("Could not open the file at /var/folders/mw/9pmsvzpd4vz0988l1n1c6q4w0000gn/T/rust_mozprofilerJA9Kv/search.json.mozlz4", (void 0)))
console.error: BackgroundUpdate: 
  _reasonsToNotScheduleUpdates: Failed to check for Maintenance Service Registry Key: [Exception... "Component returned failure code: 0x80004001 (NS_ERROR_NOT_IMPLEMENTED) [nsIUpdateProcessor.getServiceRegKeyExists]"  nsresult: "0x80004001 (NS_ERROR_NOT_IMPLEMENTED)"  location: "JS frame :: resource://gre/modules/BackgroundUpdate.jsm :: _reasonsToNotScheduleUpdates :: line 243"  data: no]
1627282128743	Marionette	INFO	Listening on port 63270
1627282128765	Marionette	WARN	TLS certificate errors will be ignored for this session
1627282131540	Marionette	WARN	Ignoring event 'pageshow' because document has an invalid readyState of 'uninitialized'.
[Child 8658, MediaDecoderStateMachine #1] WARNING: 136fd6d00 Could not set cubeb stream name.: file /builds/worker/checkouts/gecko/dom/media/AudioStream.cpp:367
1627282142193	Marionette	WARN	TimedPromise timed out after 5000 ms: stacktrace:
TimedPromise/<@chrome://marionette/content/sync.js:237:19
TimedPromise@chrome://marionette/content/sync.js:222:10
GeckoDriver.prototype.minimizeWindow@chrome://marionette/content/driver.js:2406:11
1627282144639	geckodriver	INFO	Listening on 127.0.0.1:63420
1627282145657	mozrunner::runner	INFO	Running command: "/Applications/Firefox.app/Contents/MacOS/firefox-bin" "--marionette" "-foreground" "-no-remote" "-profile" "/var/folders/mw/9pmsvzpd4vz0988l1n1c6q4w0000gn/T/rust_mozprofilemqeqM0"
1627282146108	Marionette	INFO	Marionette enabled
console.warn: SearchSettings: "get: No settings file exists, new profile?" (new NotFoundError("Could not open the file at /var/folders/mw/9pmsvzpd4vz0988l1n1c6q4w0000gn/T/rust_mozprofilemqeqM0/search.json.mozlz4", (void 0)))
console.error: BackgroundUpdate: 
  _reasonsToNotScheduleUpdates: Failed to check for Maintenance Service Registry Key: [Exception... "Component returned failure code: 0x80004001 (NS_ERROR_NOT_IMPLEMENTED) [nsIUpdateProcessor.getServiceRegKeyExists]"  nsresult: "0x80004001 (NS_ERROR_NOT_IMPLEMENTED)"  location: "JS frame :: resource://gre/modules/BackgroundUpdate.jsm :: _reasonsToNotScheduleUpdates :: line 243"  data: no]
1627282147920	Marionette	INFO	Listening on port 63436
1627282147966	Marionette	WARN	TLS certificate errors will be ignored for this session
1627282150621	Marionette	WARN	Ignoring event 'pageshow' because document has an invalid readyState of 'uninitialized'.
[Child 8666, MediaDecoderStateMachine #1] WARNING: 1278e9800 Could not set cubeb stream name.: file /builds/worker/checkouts/gecko/dom/media/AudioStream.cpp:367
[Child 8666, MediaDecoderStateMachine #1] WARNING: 1278e9800 Could not set cubeb stream name.: file /builds/worker/checkouts/gecko/dom/media/AudioStream.cpp:367
1627282161200	Marionette	WARN	TimedPromise timed out after 5000 ms: stacktrace:
TimedPromise/<@chrome://marionette/content/sync.js:237:19
TimedPromise@chrome://marionette/content/sync.js:222:10
GeckoDriver.prototype.minimizeWindow@chrome://marionette/content/driver.js:2406:11
1627282161212	geckodriver	INFO	Listening on 127.0.0.1:63571
1627282162227	mozrunner::runner	INFO	Running command: "/Applications/Firefox.app/Contents/MacOS/firefox-bin" "--marionette" "-foreground" "-no-remote" "-profile" "/var/folders/mw/9pmsvzpd4vz0988l1n1c6q4w0000gn/T/rust_mozprofileTP8KDV"
1627282162671	Marionette	INFO	Marionette enabled
console.warn: SearchSettings: "get: No settings file exists, new profile?" (new NotFoundError("Could not open the file at /var/folders/mw/9pmsvzpd4vz0988l1n1c6q4w0000gn/T/rust_mozprofileTP8KDV/search.json.mozlz4", (void 0)))
console.error: BackgroundUpdate: 
  _reasonsToNotScheduleUpdates: Failed to check for Maintenance Service Registry Key: [Exception... "Component returned failure code: 0x80004001 (NS_ERROR_NOT_IMPLEMENTED) [nsIUpdateProcessor.getServiceRegKeyExists]"  nsresult: "0x80004001 (NS_ERROR_NOT_IMPLEMENTED)"  location: "JS frame :: resource://gre/modules/BackgroundUpdate.jsm :: _reasonsToNotScheduleUpdates :: line 243"  data: no]
1627282164954	Marionette	INFO	Listening on port 63588
1627282165042	Marionette	WARN	TLS certificate errors will be ignored for this session
1627282167870	Marionette	WARN	Ignoring event 'pageshow' because document has an invalid readyState of 'uninitialized'.
[Child 8672, MediaDecoderStateMachine #1] WARNING: 13294bb00 Could not set cubeb stream name.: file /builds/worker/checkouts/gecko/dom/media/AudioStream.cpp:367
[Child 8672, MediaDecoderStateMachine #1] WARNING: 13294bb00 Could not set cubeb stream name.: file /builds/worker/checkouts/gecko/dom/media/AudioStream.cpp:367
1627282175992	Marionette	WARN	TimedPromise timed out after 5000 ms: stacktrace:
TimedPromise/<@chrome://marionette/content/sync.js:237:19
TimedPromise@chrome://marionette/content/sync.js:222:10
GeckoDriver.prototype.minimizeWindow@chrome://marionette/content/driver.js:2406:11
[Child 8658, MediaDecoderStateMachine #1] WARNING: 136931800 Could not set cubeb stream name.: file /builds/worker/checkouts/gecko/dom/media/AudioStream.cpp:367
[Child 8658, MediaDecoderStateMachine #1] WARNING: 136931800 Could not set cubeb stream name.: file /builds/worker/checkouts/gecko/dom/media/AudioStream.cpp:367
[Child 8666, MediaDecoderStateMachine #1] WARNING: 135ea0e00 Could not set cubeb stream name.: file /builds/worker/checkouts/gecko/dom/media/AudioStream.cpp:367
[Child 8666, MediaDecoderStateMachine #1] WARNING: 135ea0e00 Could not set cubeb stream name.: file /builds/worker/checkouts/gecko/dom/media/AudioStream.cpp:367
1627282300584	Marionette	INFO	Stopped listening on port 63270
1627282301072	Marionette	INFO	Stopped listening on port 63436
1627282301545	Marionette	INFO	Stopped listening on port 63588
1627282301994	geckodriver	INFO	Listening on 127.0.0.1:64254
1627282303008	mozrunner::runner	INFO	Running command: "/Applications/Firefox.app/Contents/MacOS/firefox-bin" "--marionette" "-foreground" "-no-remote" "-profile" "/var/folders/mw/9pmsvzpd4vz0988l1n1c6q4w0000gn/T/rust_mozprofileW8tJQn"
1627282303559	Marionette	INFO	Marionette enabled
console.warn: SearchSettings: "get: No settings file exists, new profile?" (new NotFoundError("Could not open the file at /var/folders/mw/9pmsvzpd4vz0988l1n1c6q4w0000gn/T/rust_mozprofileW8tJQn/search.json.mozlz4", (void 0)))
console.error: BackgroundUpdate: 
  _reasonsToNotScheduleUpdates: Failed to check for Maintenance Service Registry Key: [Exception... "Component returned failure code: 0x80004001 (NS_ERROR_NOT_IMPLEMENTED) [nsIUpdateProcessor.getServiceRegKeyExists]"  nsresult: "0x80004001 (NS_ERROR_NOT_IMPLEMENTED)"  location: "JS frame :: resource://gre/modules/BackgroundUpdate.jsm :: _reasonsToNotScheduleUpdates :: line 243"  data: no]
1627282305452	Marionette	INFO	Listening on port 64269
1627282305503	Marionette	WARN	TLS certificate errors will be ignored for this session
1627282307969	Marionette	WARN	Ignoring event 'pageshow' because document has an invalid readyState of 'uninitialized'.
[Child 8686, MediaDecoderStateMachine #1] WARNING: 126ebdf00 Could not set cubeb stream name.: file /builds/worker/checkouts/gecko/dom/media/AudioStream.cpp:367
[Child 8686, MediaDecoderStateMachine #1] WARNING: 126ebdf00 Could not set cubeb stream name.: file /builds/worker/checkouts/gecko/dom/media/AudioStream.cpp:367

###!!! [Parent][RunMessage] Error: Channel closing: too late to send/recv, messages will be lost


###!!! [Parent][RunMessage] Error: Channel closing: too late to send/recv, messages will be lost

1627282316118	Marionette	WARN	TimedPromise timed out after 5000 ms: stacktrace:
TimedPromise/<@chrome://marionette/content/sync.js:237:19
TimedPromise@chrome://marionette/content/sync.js:222:10
GeckoDriver.prototype.minimizeWindow@chrome://marionette/content/driver.js:2406:11
1627282319640	geckodriver	INFO	Listening on 127.0.0.1:64413
1627282320659	mozrunner::runner	INFO	Running command: "/Applications/Firefox.app/Contents/MacOS/firefox-bin" "--marionette" "-foreground" "-no-remote" "-profile" "/var/folders/mw/9pmsvzpd4vz0988l1n1c6q4w0000gn/T/rust_mozprofileY6aHlr"
1627282321106	Marionette	INFO	Marionette enabled
console.warn: SearchSettings: "get: No settings file exists, new profile?" (new NotFoundError("Could not open the file at /var/folders/mw/9pmsvzpd4vz0988l1n1c6q4w0000gn/T/rust_mozprofileY6aHlr/search.json.mozlz4", (void 0)))
console.error: BackgroundUpdate: 
  _reasonsToNotScheduleUpdates: Failed to check for Maintenance Service Registry Key: [Exception... "Component returned failure code: 0x80004001 (NS_ERROR_NOT_IMPLEMENTED) [nsIUpdateProcessor.getServiceRegKeyExists]"  nsresult: "0x80004001 (NS_ERROR_NOT_IMPLEMENTED)"  location: "JS frame :: resource://gre/modules/BackgroundUpdate.jsm :: _reasonsToNotScheduleUpdates :: line 243"  data: no]
1627282322845	Marionette	INFO	Listening on port 64429
1627282322958	Marionette	WARN	TLS certificate errors will be ignored for this session
1627282325416	Marionette	WARN	Ignoring event 'pageshow' because document has an invalid readyState of 'uninitialized'.
[Child 8695, MediaDecoderStateMachine #1] WARNING: 121fed400 Could not set cubeb stream name.: file /builds/worker/checkouts/gecko/dom/media/AudioStream.cpp:367
[Child 8695, MediaDecoderStateMachine #1] WARNING: 121fed400 Could not set cubeb stream name.: file /builds/worker/checkouts/gecko/dom/media/AudioStream.cpp:367
1627282334025	Marionette	WARN	TimedPromise timed out after 5000 ms: stacktrace:
TimedPromise/<@chrome://marionette/content/sync.js:237:19
TimedPromise@chrome://marionette/content/sync.js:222:10
GeckoDriver.prototype.minimizeWindow@chrome://marionette/content/driver.js:2406:11
1627282334040	geckodriver	INFO	Listening on 127.0.0.1:64551
1627282335057	mozrunner::runner	INFO	Running command: "/Applications/Firefox.app/Contents/MacOS/firefox-bin" "--marionette" "-foreground" "-no-remote" "-profile" "/var/folders/mw/9pmsvzpd4vz0988l1n1c6q4w0000gn/T/rust_mozprofilelaotID"
1627282335684	Marionette	INFO	Marionette enabled
console.warn: SearchSettings: "get: No settings file exists, new profile?" (new NotFoundError("Could not open the file at /var/folders/mw/9pmsvzpd4vz0988l1n1c6q4w0000gn/T/rust_mozprofilelaotID/search.json.mozlz4", (void 0)))
console.error: BackgroundUpdate: 
  _reasonsToNotScheduleUpdates: Failed to check for Maintenance Service Registry Key: [Exception... "Component returned failure code: 0x80004001 (NS_ERROR_NOT_IMPLEMENTED) [nsIUpdateProcessor.getServiceRegKeyExists]"  nsresult: "0x80004001 (NS_ERROR_NOT_IMPLEMENTED)"  location: "JS frame :: resource://gre/modules/BackgroundUpdate.jsm :: _reasonsToNotScheduleUpdates :: line 243"  data: no]
1627282337695	Marionette	INFO	Listening on port 64568
1627282337792	Marionette	WARN	TLS certificate errors will be ignored for this session
1627282340313	Marionette	WARN	Ignoring event 'pageshow' because document has an invalid readyState of 'uninitialized'.
[Child 8702, MediaDecoderStateMachine #1] WARNING: 11768d600 Could not set cubeb stream name.: file /builds/worker/checkouts/gecko/dom/media/AudioStream.cpp:367
[Child 8702, MediaDecoderStateMachine #1] WARNING: 11768d600 Could not set cubeb stream name.: file /builds/worker/checkouts/gecko/dom/media/AudioStream.cpp:367
1627282348314	Marionette	WARN	TimedPromise timed out after 5000 ms: stacktrace:
TimedPromise/<@chrome://marionette/content/sync.js:237:19
TimedPromise@chrome://marionette/content/sync.js:222:10
GeckoDriver.prototype.minimizeWindow@chrome://marionette/content/driver.js:2406:11
[Child 8686, MediaDecoderStateMachine #1] WARNING: 134cf6200 Could not set cubeb stream name.: file /builds/worker/checkouts/gecko/dom/media/AudioStream.cpp:367
[Child 8686, MediaDecoderStateMachine #1] WARNING: 134cf6200 Could not set cubeb stream name.: file /builds/worker/checkouts/gecko/dom/media/AudioStream.cpp:367
[Child 8695, MediaDecoderStateMachine #1] WARNING: 121feb700 Could not set cubeb stream name.: file /builds/worker/checkouts/gecko/dom/media/AudioStream.cpp:367
[Child 8695, MediaDecoderStateMachine #1] WARNING: 121feb700 Could not set cubeb stream name.: file /builds/worker/checkouts/gecko/dom/media/AudioStream.cpp:367
1627282469054	Marionette	INFO	Stopped listening on port 64269
1627282469526	Marionette	INFO	Stopped listening on port 64429

###!!! [Parent][RunMessage] Error: Channel closing: too late to send/recv, messages will be lost

1627282469967	Marionette	INFO	Stopped listening on port 64568

###!!! [Parent][RunMessage] Error: Channel closing: too late to send/recv, messages will be lost

1627282470300	geckodriver	INFO	Listening on 127.0.0.1:65211
1627282471332	mozrunner::runner	INFO	Running command: "/Applications/Firefox.app/Contents/MacOS/firefox-bin" "--marionette" "-foreground" "-no-remote" "-profile" "/var/folders/mw/9pmsvzpd4vz0988l1n1c6q4w0000gn/T/rust_mozprofilemBwhl1"
1627282471907	Marionette	INFO	Marionette enabled
console.warn: SearchSettings: "get: No settings file exists, new profile?" (new NotFoundError("Could not open the file at /var/folders/mw/9pmsvzpd4vz0988l1n1c6q4w0000gn/T/rust_mozprofilemBwhl1/search.json.mozlz4", (void 0)))
console.error: BackgroundUpdate: 
  _reasonsToNotScheduleUpdates: Failed to check for Maintenance Service Registry Key: [Exception... "Component returned failure code: 0x80004001 (NS_ERROR_NOT_IMPLEMENTED) [nsIUpdateProcessor.getServiceRegKeyExists]"  nsresult: "0x80004001 (NS_ERROR_NOT_IMPLEMENTED)"  location: "JS frame :: resource://gre/modules/BackgroundUpdate.jsm :: _reasonsToNotScheduleUpdates :: line 243"  data: no]
1627282473594	Marionette	INFO	Listening on port 65226
1627282473660	Marionette	WARN	TLS certificate errors will be ignored for this session
1627282477515	Marionette	WARN	Ignoring event 'pageshow' because document has an invalid readyState of 'uninitialized'.
[Child 8717, MediaDecoderStateMachine #1] WARNING: 12423c600 Could not set cubeb stream name.: file /builds/worker/checkouts/gecko/dom/media/AudioStream.cpp:367
[Child 8717, MediaDecoderStateMachine #1] WARNING: 12423c600 Could not set cubeb stream name.: file /builds/worker/checkouts/gecko/dom/media/AudioStream.cpp:367
1627282485594	Marionette	WARN	TimedPromise timed out after 5000 ms: stacktrace:
TimedPromise/<@chrome://marionette/content/sync.js:237:19
TimedPromise@chrome://marionette/content/sync.js:222:10
GeckoDriver.prototype.minimizeWindow@chrome://marionette/content/driver.js:2406:11
1627282485607	geckodriver	INFO	Listening on 127.0.0.1:65359
1627282486627	mozrunner::runner	INFO	Running command: "/Applications/Firefox.app/Contents/MacOS/firefox-bin" "--marionette" "-foreground" "-no-remote" "-profile" "/var/folders/mw/9pmsvzpd4vz0988l1n1c6q4w0000gn/T/rust_mozprofileEWapbs"
1627282487072	Marionette	INFO	Marionette enabled
console.warn: SearchSettings: "get: No settings file exists, new profile?" (new NotFoundError("Could not open the file at /var/folders/mw/9pmsvzpd4vz0988l1n1c6q4w0000gn/T/rust_mozprofileEWapbs/search.json.mozlz4", (void 0)))
console.error: BackgroundUpdate: 
  _reasonsToNotScheduleUpdates: Failed to check for Maintenance Service Registry Key: [Exception... "Component returned failure code: 0x80004001 (NS_ERROR_NOT_IMPLEMENTED) [nsIUpdateProcessor.getServiceRegKeyExists]"  nsresult: "0x80004001 (NS_ERROR_NOT_IMPLEMENTED)"  location: "JS frame :: resource://gre/modules/BackgroundUpdate.jsm :: _reasonsToNotScheduleUpdates :: line 243"  data: no]
1627282488917	Marionette	INFO	Listening on port 65374
1627282489006	Marionette	WARN	TLS certificate errors will be ignored for this session
1627282491194	Marionette	WARN	Ignoring event 'pageshow' because document has an invalid readyState of 'uninitialized'.
[Child 8725, MediaDecoderStateMachine #1] WARNING: 12c095100 Could not set cubeb stream name.: file /builds/worker/checkouts/gecko/dom/media/AudioStream.cpp:367
[Child 8725, MediaDecoderStateMachine #1] WARNING: 12c095100 Could not set cubeb stream name.: file /builds/worker/checkouts/gecko/dom/media/AudioStream.cpp:367
1627282500516	Marionette	WARN	TimedPromise timed out after 5000 ms: stacktrace:
TimedPromise/<@chrome://marionette/content/sync.js:237:19
TimedPromise@chrome://marionette/content/sync.js:222:10
GeckoDriver.prototype.minimizeWindow@chrome://marionette/content/driver.js:2406:11
1627282504742	geckodriver	INFO	Listening on 127.0.0.1:65531
1627282505758	mozrunner::runner	INFO	Running command: "/Applications/Firefox.app/Contents/MacOS/firefox-bin" "--marionette" "-foreground" "-no-remote" "-profile" "/var/folders/mw/9pmsvzpd4vz0988l1n1c6q4w0000gn/T/rust_mozprofile7oDtzc"
1627282506332	Marionette	INFO	Marionette enabled
console.warn: SearchSettings: "get: No settings file exists, new profile?" (new NotFoundError("Could not open the file at /var/folders/mw/9pmsvzpd4vz0988l1n1c6q4w0000gn/T/rust_mozprofile7oDtzc/search.json.mozlz4", (void 0)))
console.error: BackgroundUpdate: 
  _reasonsToNotScheduleUpdates: Failed to check for Maintenance Service Registry Key: [Exception... "Component returned failure code: 0x80004001 (NS_ERROR_NOT_IMPLEMENTED) [nsIUpdateProcessor.getServiceRegKeyExists]"  nsresult: "0x80004001 (NS_ERROR_NOT_IMPLEMENTED)"  location: "JS frame :: resource://gre/modules/BackgroundUpdate.jsm :: _reasonsToNotScheduleUpdates :: line 243"  data: no]
1627282508112	Marionette	INFO	Listening on port 49164
1627282508200	Marionette	WARN	TLS certificate errors will be ignored for this session
1627282510363	Marionette	WARN	Ignoring event 'pageshow' because document has an invalid readyState of 'uninitialized'.
[Child 8733, MediaDecoderStateMachine #1] WARNING: 12b902800 Could not set cubeb stream name.: file /builds/worker/checkouts/gecko/dom/media/AudioStream.cpp:367
1627282520564	Marionette	WARN	TimedPromise timed out after 5000 ms: stacktrace:
TimedPromise/<@chrome://marionette/content/sync.js:237:19
TimedPromise@chrome://marionette/content/sync.js:222:10
GeckoDriver.prototype.minimizeWindow@chrome://marionette/content/driver.js:2406:11
[Child 8733, MediaDecoderStateMachine #1] WARNING: 12b902800 Could not set cubeb stream name.: file /builds/worker/checkouts/gecko/dom/media/AudioStream.cpp:367
1627283193288	Marionette	INFO	Stopped listening on port 65226

###!!! [Child][RunMessage] Error: Channel closing: too late to send/recv, messages will be lost


###!!! [Child][RunMessage] Error: Channel closing: too late to send/recv, messages will be lost


###!!! [Child][RunMessage] Error: Channel closing: too late to send/recv, messages will be lost


###!!! [Parent][MessageChannel] Error: (msgtype=0x390079,name=PContent::Msg_DestroyBrowsingContextGroup) Closed channel: cannot send/recv


###!!! [Parent][RunMessage] Error: Channel closing: too late to send/recv, messages will be lost

1627283193752	Marionette	INFO	Stopped listening on port 65374

###!!! [Parent][MessageChannel] Error: (msgtype=0x390079,name=PContent::Msg_DestroyBrowsingContextGroup) Closed channel: cannot send/recv


###!!! [Parent][RunMessage] Error: Channel closing: too late to send/recv, messages will be lost

1627283194209	Marionette	INFO	Stopped listening on port 49164

###!!! [Parent][RunMessage] Error: Channel closing: too late to send/recv, messages will be lost

1627283194635	geckodriver	INFO	Listening on 127.0.0.1:49850
1627283195647	mozrunner::runner	INFO	Running command: "/Applications/Firefox.app/Contents/MacOS/firefox-bin" "--marionette" "-foreground" "-no-remote" "-profile" "/var/folders/mw/9pmsvzpd4vz0988l1n1c6q4w0000gn/T/rust_mozprofilenWqvQs"
1627283196250	Marionette	INFO	Marionette enabled
console.warn: SearchSettings: "get: No settings file exists, new profile?" (new NotFoundError("Could not open the file at /var/folders/mw/9pmsvzpd4vz0988l1n1c6q4w0000gn/T/rust_mozprofilenWqvQs/search.json.mozlz4", (void 0)))
console.error: BackgroundUpdate: 
  _reasonsToNotScheduleUpdates: Failed to check for Maintenance Service Registry Key: [Exception... "Component returned failure code: 0x80004001 (NS_ERROR_NOT_IMPLEMENTED) [nsIUpdateProcessor.getServiceRegKeyExists]"  nsresult: "0x80004001 (NS_ERROR_NOT_IMPLEMENTED)"  location: "JS frame :: resource://gre/modules/BackgroundUpdate.jsm :: _reasonsToNotScheduleUpdates :: line 243"  data: no]
1627283198002	Marionette	INFO	Listening on port 49866
1627283198029	Marionette	WARN	TLS certificate errors will be ignored for this session
1627283201108	Marionette	WARN	Ignoring event 'pageshow' because document has an invalid readyState of 'uninitialized'.
[Child 8802, MediaDecoderStateMachine #1] WARNING: 127496c00 Could not set cubeb stream name.: file /builds/worker/checkouts/gecko/dom/media/AudioStream.cpp:367
[Child 8802, MediaDecoderStateMachine #1] WARNING: 127496c00 Could not set cubeb stream name.: file /builds/worker/checkouts/gecko/dom/media/AudioStream.cpp:367
1627283209183	Marionette	WARN	TimedPromise timed out after 5000 ms: stacktrace:
TimedPromise/<@chrome://marionette/content/sync.js:237:19
TimedPromise@chrome://marionette/content/sync.js:222:10
GeckoDriver.prototype.minimizeWindow@chrome://marionette/content/driver.js:2406:11
1627283209191	geckodriver	INFO	Listening on 127.0.0.1:49991
1627283210218	mozrunner::runner	INFO	Running command: "/Applications/Firefox.app/Contents/MacOS/firefox-bin" "--marionette" "-foreground" "-no-remote" "-profile" "/var/folders/mw/9pmsvzpd4vz0988l1n1c6q4w0000gn/T/rust_mozprofileuTyYhj"
1627283210671	Marionette	INFO	Marionette enabled
console.warn: SearchSettings: "get: No settings file exists, new profile?" (new NotFoundError("Could not open the file at /var/folders/mw/9pmsvzpd4vz0988l1n1c6q4w0000gn/T/rust_mozprofileuTyYhj/search.json.mozlz4", (void 0)))
console.error: BackgroundUpdate: 
  _reasonsToNotScheduleUpdates: Failed to check for Maintenance Service Registry Key: [Exception... "Component returned failure code: 0x80004001 (NS_ERROR_NOT_IMPLEMENTED) [nsIUpdateProcessor.getServiceRegKeyExists]"  nsresult: "0x80004001 (NS_ERROR_NOT_IMPLEMENTED)"  location: "JS frame :: resource://gre/modules/BackgroundUpdate.jsm :: _reasonsToNotScheduleUpdates :: line 243"  data: no]
1627283212424	Marionette	INFO	Listening on port 50010
1627283212521	Marionette	WARN	TLS certificate errors will be ignored for this session
1627283215422	Marionette	WARN	Ignoring event 'pageshow' because document has an invalid readyState of 'uninitialized'.
[Child 8811, MediaDecoderStateMachine #1] WARNING: 124f3b400 Could not set cubeb stream name.: file /builds/worker/checkouts/gecko/dom/media/AudioStream.cpp:367
[Child 8811, MediaDecoderStateMachine #1] WARNING: 124f3b400 Could not set cubeb stream name.: file /builds/worker/checkouts/gecko/dom/media/AudioStream.cpp:367
1627283227086	Marionette	WARN	TimedPromise timed out after 5000 ms: stacktrace:
TimedPromise/<@chrome://marionette/content/sync.js:237:19
TimedPromise@chrome://marionette/content/sync.js:222:10
GeckoDriver.prototype.minimizeWindow@chrome://marionette/content/driver.js:2406:11
1627283230610	geckodriver	INFO	Listening on 127.0.0.1:50168
1627283231631	mozrunner::runner	INFO	Running command: "/Applications/Firefox.app/Contents/MacOS/firefox-bin" "--marionette" "-foreground" "-no-remote" "-profile" "/var/folders/mw/9pmsvzpd4vz0988l1n1c6q4w0000gn/T/rust_mozprofiled2Blr4"
1627283232121	Marionette	INFO	Marionette enabled
console.warn: SearchSettings: "get: No settings file exists, new profile?" (new NotFoundError("Could not open the file at /var/folders/mw/9pmsvzpd4vz0988l1n1c6q4w0000gn/T/rust_mozprofiled2Blr4/search.json.mozlz4", (void 0)))
console.error: BackgroundUpdate: 
  _reasonsToNotScheduleUpdates: Failed to check for Maintenance Service Registry Key: [Exception... "Component returned failure code: 0x80004001 (NS_ERROR_NOT_IMPLEMENTED) [nsIUpdateProcessor.getServiceRegKeyExists]"  nsresult: "0x80004001 (NS_ERROR_NOT_IMPLEMENTED)"  location: "JS frame :: resource://gre/modules/BackgroundUpdate.jsm :: _reasonsToNotScheduleUpdates :: line 243"  data: no]
1627283233886	Marionette	INFO	Listening on port 50183
1627283233951	Marionette	WARN	TLS certificate errors will be ignored for this session
1627283236869	Marionette	WARN	Ignoring event 'pageshow' because document has an invalid readyState of 'uninitialized'.
[Child 8818, MediaDecoderStateMachine #1] WARNING: 123cc4e00 Could not set cubeb stream name.: file /builds/worker/checkouts/gecko/dom/media/AudioStream.cpp:367
[Child 8818, MediaDecoderStateMachine #1] WARNING: 123cc4e00 Could not set cubeb stream name.: file /builds/worker/checkouts/gecko/dom/media/AudioStream.cpp:367
1627283247231	Marionette	WARN	TimedPromise timed out after 5000 ms: stacktrace:
TimedPromise/<@chrome://marionette/content/sync.js:237:19
TimedPromise@chrome://marionette/content/sync.js:222:10
GeckoDriver.prototype.minimizeWindow@chrome://marionette/content/driver.js:2406:11
[Child 8802, MediaDecoderStateMachine #1] WARNING: 12888b300 Could not set cubeb stream name.: file /builds/worker/checkouts/gecko/dom/media/AudioStream.cpp:367
[Child 8802, MediaDecoderStateMachine #1] WARNING: 12888b300 Could not set cubeb stream name.: file /builds/worker/checkouts/gecko/dom/media/AudioStream.cpp:367
[Child 8811, MediaDecoderStateMachine #1] WARNING: 133815c00 Could not set cubeb stream name.: file /builds/worker/checkouts/gecko/dom/media/AudioStream.cpp:367
[Child 8811, MediaDecoderStateMachine #1] WARNING: 133815c00 Could not set cubeb stream name.: file /builds/worker/checkouts/gecko/dom/media/AudioStream.cpp:367
1627283372481	Marionette	INFO	Stopped listening on port 49866

###!!! [Parent][RunMessage] Error: Channel closing: too late to send/recv, messages will be lost

[Child 8818, MediaDecoderStateMachine #1] WARNING: 132e6d700 Could not set cubeb stream name.: file /builds/worker/checkouts/gecko/dom/media/AudioStream.cpp:367
1627283372911	Marionette	INFO	Stopped listening on port 50010
[Child 8818, MediaDecoderStateMachine #1] WARNING: 132e6d700 Could not set cubeb stream name.: file /builds/worker/checkouts/gecko/dom/media/AudioStream.cpp:367
1627283373343	Marionette	INFO	Stopped listening on port 50183

###!!! [Parent][RunMessage] Error: Channel closing: too late to send/recv, messages will be lost

1627283373811	geckodriver	INFO	Listening on 127.0.0.1:50845
1627283374829	mozrunner::runner	INFO	Running command: "/Applications/Firefox.app/Contents/MacOS/firefox-bin" "--marionette" "-foreground" "-no-remote" "-profile" "/var/folders/mw/9pmsvzpd4vz0988l1n1c6q4w0000gn/T/rust_mozprofile7VOro4"
1627283375393	Marionette	INFO	Marionette enabled
console.warn: SearchSettings: "get: No settings file exists, new profile?" (new NotFoundError("Could not open the file at /var/folders/mw/9pmsvzpd4vz0988l1n1c6q4w0000gn/T/rust_mozprofile7VOro4/search.json.mozlz4", (void 0)))
console.error: BackgroundUpdate: 
  _reasonsToNotScheduleUpdates: Failed to check for Maintenance Service Registry Key: [Exception... "Component returned failure code: 0x80004001 (NS_ERROR_NOT_IMPLEMENTED) [nsIUpdateProcessor.getServiceRegKeyExists]"  nsresult: "0x80004001 (NS_ERROR_NOT_IMPLEMENTED)"  location: "JS frame :: resource://gre/modules/BackgroundUpdate.jsm :: _reasonsToNotScheduleUpdates :: line 243"  data: no]
1627283377064	Marionette	INFO	Listening on port 50860
1627283377176	Marionette	WARN	TLS certificate errors will be ignored for this session
1627283381380	Marionette	WARN	Ignoring event 'pageshow' because document has an invalid readyState of 'uninitialized'.
[Child 8832, MediaDecoderStateMachine #1] WARNING: 116015a00 Could not set cubeb stream name.: file /builds/worker/checkouts/gecko/dom/media/AudioStream.cpp:367
[Child 8832, MediaDecoderStateMachine #1] WARNING: 116015a00 Could not set cubeb stream name.: file /builds/worker/checkouts/gecko/dom/media/AudioStream.cpp:367

###!!! [Parent][RunMessage] Error: Channel closing: too late to send/recv, messages will be lost


###!!! [Parent][RunMessage] Error: Channel closing: too late to send/recv, messages will be lost

1627283389471	Marionette	WARN	TimedPromise timed out after 5000 ms: stacktrace:
TimedPromise/<@chrome://marionette/content/sync.js:237:19
TimedPromise@chrome://marionette/content/sync.js:222:10
GeckoDriver.prototype.minimizeWindow@chrome://marionette/content/driver.js:2406:11
1627283389482	geckodriver	INFO	Listening on 127.0.0.1:50987
1627283390502	mozrunner::runner	INFO	Running command: "/Applications/Firefox.app/Contents/MacOS/firefox-bin" "--marionette" "-foreground" "-no-remote" "-profile" "/var/folders/mw/9pmsvzpd4vz0988l1n1c6q4w0000gn/T/rust_mozprofilemxbqnB"
1627283390977	Marionette	INFO	Marionette enabled
console.warn: SearchSettings: "get: No settings file exists, new profile?" (new NotFoundError("Could not open the file at /var/folders/mw/9pmsvzpd4vz0988l1n1c6q4w0000gn/T/rust_mozprofilemxbqnB/search.json.mozlz4", (void 0)))
console.error: BackgroundUpdate: 
  _reasonsToNotScheduleUpdates: Failed to check for Maintenance Service Registry Key: [Exception... "Component returned failure code: 0x80004001 (NS_ERROR_NOT_IMPLEMENTED) [nsIUpdateProcessor.getServiceRegKeyExists]"  nsresult: "0x80004001 (NS_ERROR_NOT_IMPLEMENTED)"  location: "JS frame :: resource://gre/modules/BackgroundUpdate.jsm :: _reasonsToNotScheduleUpdates :: line 243"  data: no]
1627283393063	Marionette	INFO	Listening on port 51004
1627283393129	Marionette	WARN	TLS certificate errors will be ignored for this session
1627283396274	Marionette	WARN	Ignoring event 'pageshow' because document has an invalid readyState of 'uninitialized'.
[Child 8839, MediaDecoderStateMachine #1] WARNING: 139240500 Could not set cubeb stream name.: file /builds/worker/checkouts/gecko/dom/media/AudioStream.cpp:367
[Child 8839, MediaDecoderStateMachine #1] WARNING: 139240500 Could not set cubeb stream name.: file /builds/worker/checkouts/gecko/dom/media/AudioStream.cpp:367
1627283404325	Marionette	WARN	TimedPromise timed out after 5000 ms: stacktrace:
TimedPromise/<@chrome://marionette/content/sync.js:237:19
TimedPromise@chrome://marionette/content/sync.js:222:10
GeckoDriver.prototype.minimizeWindow@chrome://marionette/content/driver.js:2406:11
1627283404337	geckodriver	INFO	Listening on 127.0.0.1:51143
1627283405351	mozrunner::runner	INFO	Running command: "/Applications/Firefox.app/Contents/MacOS/firefox-bin" "--marionette" "-foreground" "-no-remote" "-profile" "/var/folders/mw/9pmsvzpd4vz0988l1n1c6q4w0000gn/T/rust_mozprofile7WUMSf"
1627283405845	Marionette	INFO	Marionette enabled
console.warn: SearchSettings: "get: No settings file exists, new profile?" (new NotFoundError("Could not open the file at /var/folders/mw/9pmsvzpd4vz0988l1n1c6q4w0000gn/T/rust_mozprofile7WUMSf/search.json.mozlz4", (void 0)))
console.error: BackgroundUpdate: 
  _reasonsToNotScheduleUpdates: Failed to check for Maintenance Service Registry Key: [Exception... "Component returned failure code: 0x80004001 (NS_ERROR_NOT_IMPLEMENTED) [nsIUpdateProcessor.getServiceRegKeyExists]"  nsresult: "0x80004001 (NS_ERROR_NOT_IMPLEMENTED)"  location: "JS frame :: resource://gre/modules/BackgroundUpdate.jsm :: _reasonsToNotScheduleUpdates :: line 243"  data: no]
1627283407986	Marionette	INFO	Listening on port 51160
1627283408057	Marionette	WARN	TLS certificate errors will be ignored for this session
1627283411401	Marionette	WARN	Ignoring event 'pageshow' because document has an invalid readyState of 'uninitialized'.
[Child 8846, MediaDecoderStateMachine #1] WARNING: 11fd9bc00 Could not set cubeb stream name.: file /builds/worker/checkouts/gecko/dom/media/AudioStream.cpp:367
[Child 8846, MediaDecoderStateMachine #1] WARNING: 11fd9bc00 Could not set cubeb stream name.: file /builds/worker/checkouts/gecko/dom/media/AudioStream.cpp:367
1627283422823	Marionette	WARN	TimedPromise timed out after 5000 ms: stacktrace:
TimedPromise/<@chrome://marionette/content/sync.js:237:19
TimedPromise@chrome://marionette/content/sync.js:222:10
GeckoDriver.prototype.minimizeWindow@chrome://marionette/content/driver.js:2406:11
[Child 8832, MediaDecoderStateMachine #1] WARNING: 1251a6100 Could not set cubeb stream name.: file /builds/worker/checkouts/gecko/dom/media/AudioStream.cpp:367
[Child 8832, MediaDecoderStateMachine #1] WARNING: 1251a6100 Could not set cubeb stream name.: file /builds/worker/checkouts/gecko/dom/media/AudioStream.cpp:367
[Child 8839, MediaDecoderStateMachine #1] WARNING: 139276700 Could not set cubeb stream name.: file /builds/worker/checkouts/gecko/dom/media/AudioStream.cpp:367
[Child 8839, MediaDecoderStateMachine #1] WARNING: 139276700 Could not set cubeb stream name.: file /builds/worker/checkouts/gecko/dom/media/AudioStream.cpp:367
1627283543402	Marionette	INFO	Stopped listening on port 50860

###!!! [Parent][RunMessage] Error: Channel closing: too late to send/recv, messages will be lost

1627283543737	Marionette	INFO	Stopped listening on port 51004

###!!! [Parent][RunMessage] Error: Channel closing: too late to send/recv, messages will be lost

1627283544058	Marionette	INFO	Stopped listening on port 51160

###!!! [Parent][RunMessage] Error: Channel closing: too late to send/recv, messages will be lost

1627283544472	geckodriver	INFO	Listening on 127.0.0.1:51808
1627283545502	mozrunner::runner	INFO	Running command: "/Applications/Firefox.app/Contents/MacOS/firefox-bin" "--marionette" "-foreground" "-no-remote" "-profile" "/var/folders/mw/9pmsvzpd4vz0988l1n1c6q4w0000gn/T/rust_mozprofile7QDGkC"
1627283546080	Marionette	INFO	Marionette enabled
console.warn: SearchSettings: "get: No settings file exists, new profile?" (new NotFoundError("Could not open the file at /var/folders/mw/9pmsvzpd4vz0988l1n1c6q4w0000gn/T/rust_mozprofile7QDGkC/search.json.mozlz4", (void 0)))
console.error: BackgroundUpdate: 
  _reasonsToNotScheduleUpdates: Failed to check for Maintenance Service Registry Key: [Exception... "Component returned failure code: 0x80004001 (NS_ERROR_NOT_IMPLEMENTED) [nsIUpdateProcessor.getServiceRegKeyExists]"  nsresult: "0x80004001 (NS_ERROR_NOT_IMPLEMENTED)"  location: "JS frame :: resource://gre/modules/BackgroundUpdate.jsm :: _reasonsToNotScheduleUpdates :: line 243"  data: no]
1627283547789	Marionette	INFO	Listening on port 51823
1627283547870	Marionette	WARN	TLS certificate errors will be ignored for this session
1627283550743	Marionette	WARN	Ignoring event 'pageshow' because document has an invalid readyState of 'uninitialized'.
[Child 8856, MediaDecoderStateMachine #1] WARNING: 133917700 Could not set cubeb stream name.: file /builds/worker/checkouts/gecko/dom/media/AudioStream.cpp:367
[Child 8856, MediaDecoderStateMachine #1] WARNING: 133917700 Could not set cubeb stream name.: file /builds/worker/checkouts/gecko/dom/media/AudioStream.cpp:367
1627283558859	Marionette	WARN	TimedPromise timed out after 5000 ms: stacktrace:
TimedPromise/<@chrome://marionette/content/sync.js:237:19
TimedPromise@chrome://marionette/content/sync.js:222:10
GeckoDriver.prototype.minimizeWindow@chrome://marionette/content/driver.js:2406:11
1627283563630	geckodriver	INFO	Listening on 127.0.0.1:51986
1627283564643	mozrunner::runner	INFO	Running command: "/Applications/Firefox.app/Contents/MacOS/firefox-bin" "--marionette" "-foreground" "-no-remote" "-profile" "/var/folders/mw/9pmsvzpd4vz0988l1n1c6q4w0000gn/T/rust_mozprofilePhEdpS"
1627283565039	Marionette	INFO	Marionette enabled
console.warn: SearchSettings: "get: No settings file exists, new profile?" (new NotFoundError("Could not open the file at /var/folders/mw/9pmsvzpd4vz0988l1n1c6q4w0000gn/T/rust_mozprofilePhEdpS/search.json.mozlz4", (void 0)))
console.error: BackgroundUpdate: 
  _reasonsToNotScheduleUpdates: Failed to check for Maintenance Service Registry Key: [Exception... "Component returned failure code: 0x80004001 (NS_ERROR_NOT_IMPLEMENTED) [nsIUpdateProcessor.getServiceRegKeyExists]"  nsresult: "0x80004001 (NS_ERROR_NOT_IMPLEMENTED)"  location: "JS frame :: resource://gre/modules/BackgroundUpdate.jsm :: _reasonsToNotScheduleUpdates :: line 243"  data: no]
1627283566922	Marionette	INFO	Listening on port 52001
1627283567030	Marionette	WARN	TLS certificate errors will be ignored for this session
1627283569997	Marionette	WARN	Ignoring event 'pageshow' because document has an invalid readyState of 'uninitialized'.
[Child 8864, MediaDecoderStateMachine #1] WARNING: 121cddb00 Could not set cubeb stream name.: file /builds/worker/checkouts/gecko/dom/media/AudioStream.cpp:367
[Child 8864, MediaDecoderStateMachine #1] WARNING: 121cddb00 Could not set cubeb stream name.: file /builds/worker/checkouts/gecko/dom/media/AudioStream.cpp:367
1627283578217	Marionette	WARN	TimedPromise timed out after 5000 ms: stacktrace:
TimedPromise/<@chrome://marionette/content/sync.js:237:19
TimedPromise@chrome://marionette/content/sync.js:222:10
GeckoDriver.prototype.minimizeWindow@chrome://marionette/content/driver.js:2406:11
1627283581746	geckodriver	INFO	Listening on 127.0.0.1:52145
1627283582762	mozrunner::runner	INFO	Running command: "/Applications/Firefox.app/Contents/MacOS/firefox-bin" "--marionette" "-foreground" "-no-remote" "-profile" "/var/folders/mw/9pmsvzpd4vz0988l1n1c6q4w0000gn/T/rust_mozprofilePuATyb"
1627283583226	Marionette	INFO	Marionette enabled
console.warn: SearchSettings: "get: No settings file exists, new profile?" (new NotFoundError("Could not open the file at /var/folders/mw/9pmsvzpd4vz0988l1n1c6q4w0000gn/T/rust_mozprofilePuATyb/search.json.mozlz4", (void 0)))
console.error: BackgroundUpdate: 
  _reasonsToNotScheduleUpdates: Failed to check for Maintenance Service Registry Key: [Exception... "Component returned failure code: 0x80004001 (NS_ERROR_NOT_IMPLEMENTED) [nsIUpdateProcessor.getServiceRegKeyExists]"  nsresult: "0x80004001 (NS_ERROR_NOT_IMPLEMENTED)"  location: "JS frame :: resource://gre/modules/BackgroundUpdate.jsm :: _reasonsToNotScheduleUpdates :: line 243"  data: no]
1627283585682	Marionette	INFO	Listening on port 52160
1627283585790	Marionette	WARN	TLS certificate errors will be ignored for this session
1627283589166	Marionette	WARN	Ignoring event 'pageshow' because document has an invalid readyState of 'uninitialized'.
[Child 8873, MediaDecoderStateMachine #1] WARNING: 120ee9f00 Could not set cubeb stream name.: file /builds/worker/checkouts/gecko/dom/media/AudioStream.cpp:367
[Child 8873, MediaDecoderStateMachine #1] WARNING: 120ee9f00 Could not set cubeb stream name.: file /builds/worker/checkouts/gecko/dom/media/AudioStream.cpp:367

###!!! [Parent][RunMessage] Error: Channel closing: too late to send/recv, messages will be lost


###!!! [Parent][RunMessage] Error: Channel closing: too late to send/recv, messages will be lost


###!!! [Parent][RunMessage] Error: Channel closing: too late to send/recv, messages will be lost


###!!! [Parent][RunMessage] Error: Channel closing: too late to send/recv, messages will be lost


###!!! [Parent][RunMessage] Error: Channel closing: too late to send/recv, messages will be lost

1627283597318	Marionette	WARN	TimedPromise timed out after 5000 ms: stacktrace:
TimedPromise/<@chrome://marionette/content/sync.js:237:19
TimedPromise@chrome://marionette/content/sync.js:222:10
GeckoDriver.prototype.minimizeWindow@chrome://marionette/content/driver.js:2406:11
[Child 8856, MediaDecoderStateMachine #1] WARNING: 11f79a300 Could not set cubeb stream name.: file /builds/worker/checkouts/gecko/dom/media/AudioStream.cpp:367
[Child 8856, MediaDecoderStateMachine #1] WARNING: 11f79a300 Could not set cubeb stream name.: file /builds/worker/checkouts/gecko/dom/media/AudioStream.cpp:367
[Child 8864, MediaDecoderStateMachine #1] WARNING: 1314f0800 Could not set cubeb stream name.: file /builds/worker/checkouts/gecko/dom/media/AudioStream.cpp:367
[Child 8864, MediaDecoderStateMachine #1] WARNING: 1314f0800 Could not set cubeb stream name.: file /builds/worker/checkouts/gecko/dom/media/AudioStream.cpp:367
1627283720920	Marionette	INFO	Stopped listening on port 51823

###!!! [Child][RunMessage] Error: Channel closing: too late to send/recv, messages will be lost


###!!! [Parent][RunMessage] Error: Channel closing: too late to send/recv, messages will be lost

1627283721372	Marionette	INFO	Stopped listening on port 52001
1627283721698	Marionette	INFO	Stopped listening on port 52160

###!!! [Parent][RunMessage] Error: Channel closing: too late to send/recv, messages will be lost

1627283722144	geckodriver	INFO	Listening on 127.0.0.1:52827
1627283723152	mozrunner::runner	INFO	Running command: "/Applications/Firefox.app/Contents/MacOS/firefox-bin" "--marionette" "-foreground" "-no-remote" "-profile" "/var/folders/mw/9pmsvzpd4vz0988l1n1c6q4w0000gn/T/rust_mozprofileOzD0F7"
1627283723718	Marionette	INFO	Marionette enabled
console.warn: SearchSettings: "get: No settings file exists, new profile?" (new NotFoundError("Could not open the file at /var/folders/mw/9pmsvzpd4vz0988l1n1c6q4w0000gn/T/rust_mozprofileOzD0F7/search.json.mozlz4", (void 0)))
console.error: BackgroundUpdate: 
  _reasonsToNotScheduleUpdates: Failed to check for Maintenance Service Registry Key: [Exception... "Component returned failure code: 0x80004001 (NS_ERROR_NOT_IMPLEMENTED) [nsIUpdateProcessor.getServiceRegKeyExists]"  nsresult: "0x80004001 (NS_ERROR_NOT_IMPLEMENTED)"  location: "JS frame :: resource://gre/modules/BackgroundUpdate.jsm :: _reasonsToNotScheduleUpdates :: line 243"  data: no]
1627283725512	Marionette	INFO	Listening on port 52842
1627283725534	Marionette	WARN	TLS certificate errors will be ignored for this session
1627283728313	Marionette	WARN	Ignoring event 'pageshow' because document has an invalid readyState of 'uninitialized'.
[Child 8884, MediaDecoderStateMachine #1] WARNING: 13901a900 Could not set cubeb stream name.: file /builds/worker/checkouts/gecko/dom/media/AudioStream.cpp:367
[Child 8884, MediaDecoderStateMachine #1] WARNING: 13901a900 Could not set cubeb stream name.: file /builds/worker/checkouts/gecko/dom/media/AudioStream.cpp:367
1627283736321	Marionette	WARN	TimedPromise timed out after 5000 ms: stacktrace:
TimedPromise/<@chrome://marionette/content/sync.js:237:19
TimedPromise@chrome://marionette/content/sync.js:222:10
GeckoDriver.prototype.minimizeWindow@chrome://marionette/content/driver.js:2406:11
1627283736330	geckodriver	INFO	Listening on 127.0.0.1:52964
1627283737350	mozrunner::runner	INFO	Running command: "/Applications/Firefox.app/Contents/MacOS/firefox-bin" "--marionette" "-foreground" "-no-remote" "-profile" "/var/folders/mw/9pmsvzpd4vz0988l1n1c6q4w0000gn/T/rust_mozprofile9P11Gx"
1627283737806	Marionette	INFO	Marionette enabled
console.warn: SearchSettings: "get: No settings file exists, new profile?" (new NotFoundError("Could not open the file at /var/folders/mw/9pmsvzpd4vz0988l1n1c6q4w0000gn/T/rust_mozprofile9P11Gx/search.json.mozlz4", (void 0)))
console.error: BackgroundUpdate: 
  _reasonsToNotScheduleUpdates: Failed to check for Maintenance Service Registry Key: [Exception... "Component returned failure code: 0x80004001 (NS_ERROR_NOT_IMPLEMENTED) [nsIUpdateProcessor.getServiceRegKeyExists]"  nsresult: "0x80004001 (NS_ERROR_NOT_IMPLEMENTED)"  location: "JS frame :: resource://gre/modules/BackgroundUpdate.jsm :: _reasonsToNotScheduleUpdates :: line 243"  data: no]
1627283739574	Marionette	INFO	Listening on port 52981
1627283739658	Marionette	WARN	TLS certificate errors will be ignored for this session
1627283742408	Marionette	WARN	Ignoring event 'pageshow' because document has an invalid readyState of 'uninitialized'.
[Child 8891, MediaDecoderStateMachine #1] WARNING: 12a344900 Could not set cubeb stream name.: file /builds/worker/checkouts/gecko/dom/media/AudioStream.cpp:367
[Child 8891, MediaDecoderStateMachine #1] WARNING: 12a344900 Could not set cubeb stream name.: file /builds/worker/checkouts/gecko/dom/media/AudioStream.cpp:367
1627283750387	Marionette	WARN	TimedPromise timed out after 5000 ms: stacktrace:
TimedPromise/<@chrome://marionette/content/sync.js:237:19
TimedPromise@chrome://marionette/content/sync.js:222:10
GeckoDriver.prototype.minimizeWindow@chrome://marionette/content/driver.js:2406:11
1627283750398	geckodriver	INFO	Listening on 127.0.0.1:53105
1627283751413	mozrunner::runner	INFO	Running command: "/Applications/Firefox.app/Contents/MacOS/firefox-bin" "--marionette" "-foreground" "-no-remote" "-profile" "/var/folders/mw/9pmsvzpd4vz0988l1n1c6q4w0000gn/T/rust_mozprofileg5Jw8M"
1627283751886	Marionette	INFO	Marionette enabled
console.warn: SearchSettings: "get: No settings file exists, new profile?" (new NotFoundError("Could not open the file at /var/folders/mw/9pmsvzpd4vz0988l1n1c6q4w0000gn/T/rust_mozprofileg5Jw8M/search.json.mozlz4", (void 0)))
console.error: BackgroundUpdate: 
  _reasonsToNotScheduleUpdates: Failed to check for Maintenance Service Registry Key: [Exception... "Component returned failure code: 0x80004001 (NS_ERROR_NOT_IMPLEMENTED) [nsIUpdateProcessor.getServiceRegKeyExists]"  nsresult: "0x80004001 (NS_ERROR_NOT_IMPLEMENTED)"  location: "JS frame :: resource://gre/modules/BackgroundUpdate.jsm :: _reasonsToNotScheduleUpdates :: line 243"  data: no]
1627283754008	Marionette	INFO	Listening on port 53123
1627283754030	Marionette	WARN	TLS certificate errors will be ignored for this session
1627283757082	Marionette	WARN	Ignoring event 'pageshow' because document has an invalid readyState of 'uninitialized'.
[Child 8900, MediaDecoderStateMachine #1] WARNING: 103a36100 Could not set cubeb stream name.: file /builds/worker/checkouts/gecko/dom/media/AudioStream.cpp:367
[Child 8900, MediaDecoderStateMachine #1] WARNING: 103a36100 Could not set cubeb stream name.: file /builds/worker/checkouts/gecko/dom/media/AudioStream.cpp:367
1627283765209	Marionette	WARN	TimedPromise timed out after 5000 ms: stacktrace:
TimedPromise/<@chrome://marionette/content/sync.js:237:19
TimedPromise@chrome://marionette/content/sync.js:222:10
GeckoDriver.prototype.minimizeWindow@chrome://marionette/content/driver.js:2406:11
[Child 8884, MediaDecoderStateMachine #1] WARNING: 12a991200 Could not set cubeb stream name.: file /builds/worker/checkouts/gecko/dom/media/AudioStream.cpp:367
[Child 8884, MediaDecoderStateMachine #1] WARNING: 12a991200 Could not set cubeb stream name.: file /builds/worker/checkouts/gecko/dom/media/AudioStream.cpp:367
[Child 8891, MediaDecoderStateMachine #1] WARNING: 12b175a00 Could not set cubeb stream name.: file /builds/worker/checkouts/gecko/dom/media/AudioStream.cpp:367
[Child 8891, MediaDecoderStateMachine #1] WARNING: 12b175a00 Could not set cubeb stream name.: file /builds/worker/checkouts/gecko/dom/media/AudioStream.cpp:367
1627283885223	Marionette	INFO	Stopped listening on port 52842
1627283885652	Marionette	INFO	Stopped listening on port 52981

###!!! [Parent][RunMessage] Error: Channel closing: too late to send/recv, messages will be lost

1627283885965	Marionette	INFO	Stopped listening on port 53123

###!!! [Parent][RunMessage] Error: Channel closing: too late to send/recv, messages will be lost

1627283886294	geckodriver	INFO	Listening on 127.0.0.1:53757
1627283887301	mozrunner::runner	INFO	Running command: "/Applications/Firefox.app/Contents/MacOS/firefox-bin" "--marionette" "-foreground" "-no-remote" "-profile" "/var/folders/mw/9pmsvzpd4vz0988l1n1c6q4w0000gn/T/rust_mozprofilekYjMeX"
1627283887736	Marionette	INFO	Marionette enabled
console.warn: SearchSettings: "get: No settings file exists, new profile?" (new NotFoundError("Could not open the file at /var/folders/mw/9pmsvzpd4vz0988l1n1c6q4w0000gn/T/rust_mozprofilekYjMeX/search.json.mozlz4", (void 0)))
console.error: BackgroundUpdate: 
  _reasonsToNotScheduleUpdates: Failed to check for Maintenance Service Registry Key: [Exception... "Component returned failure code: 0x80004001 (NS_ERROR_NOT_IMPLEMENTED) [nsIUpdateProcessor.getServiceRegKeyExists]"  nsresult: "0x80004001 (NS_ERROR_NOT_IMPLEMENTED)"  location: "JS frame :: resource://gre/modules/BackgroundUpdate.jsm :: _reasonsToNotScheduleUpdates :: line 243"  data: no]
1627283889612	Marionette	INFO	Listening on port 53772
1627283889685	Marionette	WARN	TLS certificate errors will be ignored for this session
1627283893254	Marionette	WARN	Ignoring event 'pageshow' because document has an invalid readyState of 'uninitialized'.
[Child 8914, MediaDecoderStateMachine #1] WARNING: 12295cf00 Could not set cubeb stream name.: file /builds/worker/checkouts/gecko/dom/media/AudioStream.cpp:367
[Child 8914, MediaDecoderStateMachine #1] WARNING: 12295cf00 Could not set cubeb stream name.: file /builds/worker/checkouts/gecko/dom/media/AudioStream.cpp:367
1627283901326	Marionette	WARN	TimedPromise timed out after 5000 ms: stacktrace:
TimedPromise/<@chrome://marionette/content/sync.js:237:19
TimedPromise@chrome://marionette/content/sync.js:222:10
GeckoDriver.prototype.minimizeWindow@chrome://marionette/content/driver.js:2406:11
1627283901335	geckodriver	INFO	Listening on 127.0.0.1:53899
1627283902354	mozrunner::runner	INFO	Running command: "/Applications/Firefox.app/Contents/MacOS/firefox-bin" "--marionette" "-foreground" "-no-remote" "-profile" "/var/folders/mw/9pmsvzpd4vz0988l1n1c6q4w0000gn/T/rust_mozprofilef0jual"
1627283902757	Marionette	INFO	Marionette enabled
console.warn: SearchSettings: "get: No settings file exists, new profile?" (new NotFoundError("Could not open the file at /var/folders/mw/9pmsvzpd4vz0988l1n1c6q4w0000gn/T/rust_mozprofilef0jual/search.json.mozlz4", (void 0)))
console.error: BackgroundUpdate: 
  _reasonsToNotScheduleUpdates: Failed to check for Maintenance Service Registry Key: [Exception... "Component returned failure code: 0x80004001 (NS_ERROR_NOT_IMPLEMENTED) [nsIUpdateProcessor.getServiceRegKeyExists]"  nsresult: "0x80004001 (NS_ERROR_NOT_IMPLEMENTED)"  location: "JS frame :: resource://gre/modules/BackgroundUpdate.jsm :: _reasonsToNotScheduleUpdates :: line 243"  data: no]
1627283904877	Marionette	INFO	Listening on port 53914
1627283904969	Marionette	WARN	TLS certificate errors will be ignored for this session
1627283907578	Marionette	WARN	Ignoring event 'pageshow' because document has an invalid readyState of 'uninitialized'.
[Child 8922, MediaDecoderStateMachine #1] WARNING: 137683f00 Could not set cubeb stream name.: file /builds/worker/checkouts/gecko/dom/media/AudioStream.cpp:367
[Child 8922, MediaDecoderStateMachine #1] WARNING: 137683f00 Could not set cubeb stream name.: file /builds/worker/checkouts/gecko/dom/media/AudioStream.cpp:367
1627283917520	Marionette	WARN	TimedPromise timed out after 5000 ms: stacktrace:
TimedPromise/<@chrome://marionette/content/sync.js:237:19
TimedPromise@chrome://marionette/content/sync.js:222:10
GeckoDriver.prototype.minimizeWindow@chrome://marionette/content/driver.js:2406:11
1627283917529	geckodriver	INFO	Listening on 127.0.0.1:54049
1627283918547	mozrunner::runner	INFO	Running command: "/Applications/Firefox.app/Contents/MacOS/firefox-bin" "--marionette" "-foreground" "-no-remote" "-profile" "/var/folders/mw/9pmsvzpd4vz0988l1n1c6q4w0000gn/T/rust_mozprofilePuz6ZC"
1627283919023	Marionette	INFO	Marionette enabled
console.warn: SearchSettings: "get: No settings file exists, new profile?" (new NotFoundError("Could not open the file at /var/folders/mw/9pmsvzpd4vz0988l1n1c6q4w0000gn/T/rust_mozprofilePuz6ZC/search.json.mozlz4", (void 0)))
console.error: BackgroundUpdate: 
  _reasonsToNotScheduleUpdates: Failed to check for Maintenance Service Registry Key: [Exception... "Component returned failure code: 0x80004001 (NS_ERROR_NOT_IMPLEMENTED) [nsIUpdateProcessor.getServiceRegKeyExists]"  nsresult: "0x80004001 (NS_ERROR_NOT_IMPLEMENTED)"  location: "JS frame :: resource://gre/modules/BackgroundUpdate.jsm :: _reasonsToNotScheduleUpdates :: line 243"  data: no]
1627283920914	Marionette	INFO	Listening on port 54064
1627283920959	Marionette	WARN	TLS certificate errors will be ignored for this session
1627283923960	Marionette	WARN	Ignoring event 'pageshow' because document has an invalid readyState of 'uninitialized'.
[Child 8931, MediaDecoderStateMachine #1] WARNING: 12340f700 Could not set cubeb stream name.: file /builds/worker/checkouts/gecko/dom/media/AudioStream.cpp:367
[Child 8931, MediaDecoderStateMachine #1] WARNING: 12340f700 Could not set cubeb stream name.: file /builds/worker/checkouts/gecko/dom/media/AudioStream.cpp:367
1627283933880	Marionette	WARN	TimedPromise timed out after 5000 ms: stacktrace:
TimedPromise/<@chrome://marionette/content/sync.js:237:19
TimedPromise@chrome://marionette/content/sync.js:222:10
GeckoDriver.prototype.minimizeWindow@chrome://marionette/content/driver.js:2406:11
[Child 8914, MediaDecoderStateMachine #1] WARNING: 128784300 Could not set cubeb stream name.: file /builds/worker/checkouts/gecko/dom/media/AudioStream.cpp:367
[Child 8914, MediaDecoderStateMachine #1] WARNING: 128784300 Could not set cubeb stream name.: file /builds/worker/checkouts/gecko/dom/media/AudioStream.cpp:367
[Child 8922, MediaDecoderStateMachine #1] WARNING: 128cae600 Could not set cubeb stream name.: file /builds/worker/checkouts/gecko/dom/media/AudioStream.cpp:367
[Child 8922, MediaDecoderStateMachine #1] WARNING: 128cae600 Could not set cubeb stream name.: file /builds/worker/checkouts/gecko/dom/media/AudioStream.cpp:367
1627284053802	Marionette	INFO	Stopped listening on port 53772

###!!! [Parent][RunMessage] Error: Channel closing: too late to send/recv, messages will be lost

1627284054261	Marionette	INFO	Stopped listening on port 53914

###!!! [Parent][RunMessage] Error: Channel closing: too late to send/recv, messages will be lost

1627284054709	Marionette	INFO	Stopped listening on port 54064

###!!! [Parent][RunMessage] Error: Channel closing: too late to send/recv, messages will be lost

1627284055040	geckodriver	INFO	Listening on 127.0.0.1:54715
1627284056056	mozrunner::runner	INFO	Running command: "/Applications/Firefox.app/Contents/MacOS/firefox-bin" "--marionette" "-foreground" "-no-remote" "-profile" "/var/folders/mw/9pmsvzpd4vz0988l1n1c6q4w0000gn/T/rust_mozprofile6sgmpH"
1627284056595	Marionette	INFO	Marionette enabled
console.warn: SearchSettings: "get: No settings file exists, new profile?" (new NotFoundError("Could not open the file at /var/folders/mw/9pmsvzpd4vz0988l1n1c6q4w0000gn/T/rust_mozprofile6sgmpH/search.json.mozlz4", (void 0)))
console.error: BackgroundUpdate: 
  _reasonsToNotScheduleUpdates: Failed to check for Maintenance Service Registry Key: [Exception... "Component returned failure code: 0x80004001 (NS_ERROR_NOT_IMPLEMENTED) [nsIUpdateProcessor.getServiceRegKeyExists]"  nsresult: "0x80004001 (NS_ERROR_NOT_IMPLEMENTED)"  location: "JS frame :: resource://gre/modules/BackgroundUpdate.jsm :: _reasonsToNotScheduleUpdates :: line 243"  data: no]
1627284058360	Marionette	INFO	Listening on port 54730
1627284058415	Marionette	WARN	TLS certificate errors will be ignored for this session
1627284061711	Marionette	WARN	Ignoring event 'pageshow' because document has an invalid readyState of 'uninitialized'.
[Child 8939, MediaDecoderStateMachine #1] WARNING: 11d31a100 Could not set cubeb stream name.: file /builds/worker/checkouts/gecko/dom/media/AudioStream.cpp:367
[Child 8939, MediaDecoderStateMachine #1] WARNING: 11d31a100 Could not set cubeb stream name.: file /builds/worker/checkouts/gecko/dom/media/AudioStream.cpp:367
1627284071819	Marionette	WARN	TimedPromise timed out after 5000 ms: stacktrace:
TimedPromise/<@chrome://marionette/content/sync.js:237:19
TimedPromise@chrome://marionette/content/sync.js:222:10
GeckoDriver.prototype.minimizeWindow@chrome://marionette/content/driver.js:2406:11
1627284071827	geckodriver	INFO	Listening on 127.0.0.1:54862
1627284072850	mozrunner::runner	INFO	Running command: "/Applications/Firefox.app/Contents/MacOS/firefox-bin" "--marionette" "-foreground" "-no-remote" "-profile" "/var/folders/mw/9pmsvzpd4vz0988l1n1c6q4w0000gn/T/rust_mozprofileEUYaV0"
1627284073257	Marionette	INFO	Marionette enabled
console.warn: SearchSettings: "get: No settings file exists, new profile?" (new NotFoundError("Could not open the file at /var/folders/mw/9pmsvzpd4vz0988l1n1c6q4w0000gn/T/rust_mozprofileEUYaV0/search.json.mozlz4", (void 0)))
console.error: BackgroundUpdate: 
  _reasonsToNotScheduleUpdates: Failed to check for Maintenance Service Registry Key: [Exception... "Component returned failure code: 0x80004001 (NS_ERROR_NOT_IMPLEMENTED) [nsIUpdateProcessor.getServiceRegKeyExists]"  nsresult: "0x80004001 (NS_ERROR_NOT_IMPLEMENTED)"  location: "JS frame :: resource://gre/modules/BackgroundUpdate.jsm :: _reasonsToNotScheduleUpdates :: line 243"  data: no]
1627284075000	Marionette	INFO	Listening on port 54878
1627284075080	Marionette	WARN	TLS certificate errors will be ignored for this session
1627284078695	Marionette	WARN	Ignoring event 'pageshow' because document has an invalid readyState of 'uninitialized'.
[Child 8948, MediaDecoderStateMachine #1] WARNING: 11e73a100 Could not set cubeb stream name.: file /builds/worker/checkouts/gecko/dom/media/AudioStream.cpp:367
[Child 8948, MediaDecoderStateMachine #1] WARNING: 11e73a100 Could not set cubeb stream name.: file /builds/worker/checkouts/gecko/dom/media/AudioStream.cpp:367
1627284086861	Marionette	WARN	TimedPromise timed out after 5000 ms: stacktrace:
TimedPromise/<@chrome://marionette/content/sync.js:237:19
TimedPromise@chrome://marionette/content/sync.js:222:10
GeckoDriver.prototype.minimizeWindow@chrome://marionette/content/driver.js:2406:11
1627284090779	geckodriver	INFO	Listening on 127.0.0.1:55045
1627284091798	mozrunner::runner	INFO	Running command: "/Applications/Firefox.app/Contents/MacOS/firefox-bin" "--marionette" "-foreground" "-no-remote" "-profile" "/var/folders/mw/9pmsvzpd4vz0988l1n1c6q4w0000gn/T/rust_mozprofileS9Cg2m"
1627284092182	Marionette	INFO	Marionette enabled
console.warn: SearchSettings: "get: No settings file exists, new profile?" (new NotFoundError("Could not open the file at /var/folders/mw/9pmsvzpd4vz0988l1n1c6q4w0000gn/T/rust_mozprofileS9Cg2m/search.json.mozlz4", (void 0)))
console.error: BackgroundUpdate: 
  _reasonsToNotScheduleUpdates: Failed to check for Maintenance Service Registry Key: [Exception... "Component returned failure code: 0x80004001 (NS_ERROR_NOT_IMPLEMENTED) [nsIUpdateProcessor.getServiceRegKeyExists]"  nsresult: "0x80004001 (NS_ERROR_NOT_IMPLEMENTED)"  location: "JS frame :: resource://gre/modules/BackgroundUpdate.jsm :: _reasonsToNotScheduleUpdates :: line 243"  data: no]
1627284094167	Marionette	INFO	Listening on port 55060
1627284094242	Marionette	WARN	TLS certificate errors will be ignored for this session
1627284097082	Marionette	WARN	Ignoring event 'pageshow' because document has an invalid readyState of 'uninitialized'.
1627284356475	Marionette	WARN	TimedPromise timed out after 5000 ms: stacktrace:
TimedPromise/<@chrome://marionette/content/sync.js:237:19
TimedPromise@chrome://marionette/content/sync.js:222:10
GeckoDriver.prototype.minimizeWindow@chrome://marionette/content/driver.js:2406:11
[Child 8954, MediaDecoderStateMachine #1] WARNING: 11db65c00 Could not set cubeb stream name.: file /builds/worker/checkouts/gecko/dom/media/AudioStream.cpp:367
1627293804551	Marionette	INFO	Stopped listening on port 54730

###!!! [Child][RunMessage] Error: Channel closing: too late to send/recv, messages will be lost

1627293805032	Marionette	INFO	Stopped listening on port 54878

###!!! [Parent][RunMessage] Error: Channel closing: too late to send/recv, messages will be lost

1627293805510	Marionette	INFO	Stopped listening on port 55060

###!!! [Child][MessageChannel] Error: (msgtype=0x6A0023,name=PNecko::Msg_RemoveRequestContext) Channel closing: too late to send/recv, messages will be lost

1627293806008	geckodriver	INFO	Listening on 127.0.0.1:55843
1627293807026	mozrunner::runner	INFO	Running command: "/Applications/Firefox.app/Contents/MacOS/firefox-bin" "--marionette" "-foreground" "-no-remote" "-profile" "/var/folders/mw/9pmsvzpd4vz0988l1n1c6q4w0000gn/T/rust_mozprofileQSG6Pm"
1627293807540	Marionette	INFO	Marionette enabled
console.warn: SearchSettings: "get: No settings file exists, new profile?" (new NotFoundError("Could not open the file at /var/folders/mw/9pmsvzpd4vz0988l1n1c6q4w0000gn/T/rust_mozprofileQSG6Pm/search.json.mozlz4", (void 0)))
console.error: BackgroundUpdate: 
  _reasonsToNotScheduleUpdates: Failed to check for Maintenance Service Registry Key: [Exception... "Component returned failure code: 0x80004001 (NS_ERROR_NOT_IMPLEMENTED) [nsIUpdateProcessor.getServiceRegKeyExists]"  nsresult: "0x80004001 (NS_ERROR_NOT_IMPLEMENTED)"  location: "JS frame :: resource://gre/modules/BackgroundUpdate.jsm :: _reasonsToNotScheduleUpdates :: line 243"  data: no]
1627293809446	Marionette	INFO	Listening on port 55858
1627293809511	Marionette	WARN	TLS certificate errors will be ignored for this session
1627293814046	Marionette	WARN	Ignoring event 'pageshow' because document has an invalid readyState of 'uninitialized'.
[Child 9031, MediaDecoderStateMachine #1] WARNING: 12b68f500 Could not set cubeb stream name.: file /builds/worker/checkouts/gecko/dom/media/AudioStream.cpp:367
[Child 9031, MediaDecoderStateMachine #1] WARNING: 12b68f500 Could not set cubeb stream name.: file /builds/worker/checkouts/gecko/dom/media/AudioStream.cpp:367
1627293831580	Marionette	WARN	TimedPromise timed out after 5000 ms: stacktrace:
TimedPromise/<@chrome://marionette/content/sync.js:237:19
TimedPromise@chrome://marionette/content/sync.js:222:10
GeckoDriver.prototype.minimizeWindow@chrome://marionette/content/driver.js:2406:11
1627293832113	geckodriver	INFO	Listening on 127.0.0.1:56039
1627293833139	mozrunner::runner	INFO	Running command: "/Applications/Firefox.app/Contents/MacOS/firefox-bin" "--marionette" "-foreground" "-no-remote" "-profile" "/var/folders/mw/9pmsvzpd4vz0988l1n1c6q4w0000gn/T/rust_mozprofile10EiXB"
1627293833542	Marionette	INFO	Marionette enabled
console.warn: SearchSettings: "get: No settings file exists, new profile?" (new NotFoundError("Could not open the file at /var/folders/mw/9pmsvzpd4vz0988l1n1c6q4w0000gn/T/rust_mozprofile10EiXB/search.json.mozlz4", (void 0)))
console.error: BackgroundUpdate: 
  _reasonsToNotScheduleUpdates: Failed to check for Maintenance Service Registry Key: [Exception... "Component returned failure code: 0x80004001 (NS_ERROR_NOT_IMPLEMENTED) [nsIUpdateProcessor.getServiceRegKeyExists]"  nsresult: "0x80004001 (NS_ERROR_NOT_IMPLEMENTED)"  location: "JS frame :: resource://gre/modules/BackgroundUpdate.jsm :: _reasonsToNotScheduleUpdates :: line 243"  data: no]
1627293835394	Marionette	INFO	Listening on port 56054
1627293835440	Marionette	WARN	TLS certificate errors will be ignored for this session
1627293839391	Marionette	WARN	Ignoring event 'pageshow' because document has an invalid readyState of 'uninitialized'.
[Child 9046, MediaDecoderStateMachine #1] WARNING: 11cf4dc00 Could not set cubeb stream name.: file /builds/worker/checkouts/gecko/dom/media/AudioStream.cpp:367
1627293861356	Marionette	WARN	TimedPromise timed out after 5000 ms: stacktrace:
TimedPromise/<@chrome://marionette/content/sync.js:237:19
TimedPromise@chrome://marionette/content/sync.js:222:10
GeckoDriver.prototype.minimizeWindow@chrome://marionette/content/driver.js:2406:11
1627293862001	geckodriver	INFO	Listening on 127.0.0.1:56250
1627293863019	mozrunner::runner	INFO	Running command: "/Applications/Firefox.app/Contents/MacOS/firefox-bin" "--marionette" "-foreground" "-no-remote" "-profile" "/var/folders/mw/9pmsvzpd4vz0988l1n1c6q4w0000gn/T/rust_mozprofileBleZi8"
1627293863518	Marionette	INFO	Marionette enabled
console.warn: SearchSettings: "get: No settings file exists, new profile?" (new NotFoundError("Could not open the file at /var/folders/mw/9pmsvzpd4vz0988l1n1c6q4w0000gn/T/rust_mozprofileBleZi8/search.json.mozlz4", (void 0)))
console.error: BackgroundUpdate: 
  _reasonsToNotScheduleUpdates: Failed to check for Maintenance Service Registry Key: [Exception... "Component returned failure code: 0x80004001 (NS_ERROR_NOT_IMPLEMENTED) [nsIUpdateProcessor.getServiceRegKeyExists]"  nsresult: "0x80004001 (NS_ERROR_NOT_IMPLEMENTED)"  location: "JS frame :: resource://gre/modules/BackgroundUpdate.jsm :: _reasonsToNotScheduleUpdates :: line 243"  data: no]
1627293865324	Marionette	INFO	Listening on port 56266
1627293865442	Marionette	WARN	TLS certificate errors will be ignored for this session
1627293871461	Marionette	WARN	Ignoring event 'pageshow' because document has an invalid readyState of 'uninitialized'.
1627293895704	Marionette	WARN	TimedPromise timed out after 5000 ms: stacktrace:
TimedPromise/<@chrome://marionette/content/sync.js:237:19
TimedPromise@chrome://marionette/content/sync.js:222:10
GeckoDriver.prototype.minimizeWindow@chrome://marionette/content/driver.js:2406:11
[Child 9068, MediaDecoderStateMachine #1] WARNING: 12492d500 Could not set cubeb stream name.: file /builds/worker/checkouts/gecko/dom/media/AudioStream.cpp:367
[Child 9031, MediaDecoderStateMachine #1] WARNING: 138d54300 Could not set cubeb stream name.: file /builds/worker/checkouts/gecko/dom/media/AudioStream.cpp:367
[Child 9031, MediaDecoderStateMachine #1] WARNING: 138d54300 Could not set cubeb stream name.: file /builds/worker/checkouts/gecko/dom/media/AudioStream.cpp:367
[Child 9046, MediaDecoderStateMachine #1] WARNING: 11ee27400 Could not set cubeb stream name.: file /builds/worker/checkouts/gecko/dom/media/AudioStream.cpp:367

###!!! [Parent][RunMessage] Error: Channel closing: too late to send/recv, messages will be lost

1627294015739	Marionette	INFO	Stopped listening on port 55858

###!!! [Child][RunMessage] Error: Channel closing: too late to send/recv, messages will be lost

